# JRE version: Java(TM) SE Runtime Environment (17.0.12+8) (build 17.0.12+8-LTS-286)
# Java VM: Java HotSpot(TM) 64-Bit Server VM (17.0.12+8-LTS-286, mixed mode, sharing, tiered, compressed oops, compressed class ptrs, g1 gc, windows-amd64)
GC Precious Log:
 CPUs: 2 total, 2 available
 Memory: 3918M
 Large Page Support: Disabled
 NUMA Support: Disabled
 Compressed Oops: Enabled (32-bit)
 Heap Region Size: 1M
 Heap Min Capacity: 8M
 Heap Initial Capacity: 62M
 Heap Max Capacity: 2G
 Pre-touch: Disabled
 Parallel Workers: 2
 Concurrent Workers: 1
 Concurrent Refinement Workers: 2
 Periodic GC: Disabled
Heap:
 garbage-first heap   total 66560K, used 36549K [0x0000000080000000, 0x0000000100000000)
  region size 1024K, 3 young (3072K), 2 survivors (2048K)
 Metaspace       used 42539K, committed 43008K, reserved 491520K
  class space    used 5906K, committed 6144K, reserved 425984K
GC Heap History (20 events):
Event: 36.463 GC heap before
{Heap before GC invocations=12 (full 0):
 garbage-first heap   total 63488K, used 50154K [0x0000000080000000, 0x0000000100000000)
  region size 1024K, 28 young (28672K), 3 survivors (3072K)
 Metaspace       used 29686K, committed 30016K, reserved 491520K
  class space    used 4110K, committed 4288K, reserved 425984K
}
Event: 36.480 GC heap after
{Heap after GC invocations=13 (full 0):
 garbage-first heap   total 63488K, used 29144K [0x0000000080000000, 0x0000000100000000)
  region size 1024K, 4 young (4096K), 4 survivors (4096K)
 Metaspace       used 29686K, committed 30016K, reserved 491520K
  class space    used 4110K, committed 4288K, reserved 425984K
}
Event: 38.468 GC heap before
{Heap before GC invocations=13 (full 0):
 garbage-first heap   total 63488K, used 49624K [0x0000000080000000, 0x0000000100000000)
  region size 1024K, 24 young (24576K), 4 survivors (4096K)
 Metaspace       used 30753K, committed 31104K, reserved 491520K
  class space    used 4281K, committed 4416K, reserved 425984K
}
Event: 38.482 GC heap after
{Heap after GC invocations=14 (full 0):
 garbage-first heap   total 63488K, used 31074K [0x0000000080000000, 0x0000000100000000)
  region size 1024K, 2 young (2048K), 2 survivors (2048K)
 Metaspace       used 30753K, committed 31104K, reserved 491520K
  class space    used 4281K, committed 4416K, reserved 425984K
}
Event: 41.303 GC heap before
{Heap before GC invocations=14 (full 0):
 garbage-first heap   total 63488K, used 45410K [0x0000000080000000, 0x0000000100000000)
  region size 1024K, 17 young (17408K), 2 survivors (2048K)
 Metaspace       used 32158K, committed 32576K, reserved 491520K
  class space    used 4507K, committed 4672K, reserved 425984K
}
Event: 41.312 GC heap after
{Heap after GC invocations=15 (full 0):
 garbage-first heap   total 63488K, used 32711K [0x0000000080000000, 0x0000000100000000)
  region size 1024K, 2 young (2048K), 2 survivors (2048K)
 Metaspace       used 32158K, committed 32576K, reserved 491520K
  class space    used 4507K, committed 4672K, reserved 425984K
}
Event: 43.990 GC heap before
{Heap before GC invocations=16 (full 0):
 garbage-first heap   total 66560K, used 54215K [0x0000000080000000, 0x0000000100000000)
  region size 1024K, 19 young (19456K), 2 survivors (2048K)
 Metaspace       used 34642K, committed 35072K, reserved 491520K
  class space    used 4787K, committed 4992K, reserved 425984K
}
Event: 43.997 GC heap after
{Heap after GC invocations=17 (full 0):
 garbage-first heap   total 66560K, used 33237K [0x0000000080000000, 0x0000000100000000)
  region size 1024K, 3 young (3072K), 3 survivors (3072K)
 Metaspace       used 34642K, committed 35072K, reserved 491520K
  class space    used 4787K, committed 4992K, reserved 425984K
}
Event: 47.255 GC heap before
{Heap before GC invocations=17 (full 0):
 garbage-first heap   total 66560K, used 52693K [0x0000000080000000, 0x0000000100000000)
  region size 1024K, 22 young (22528K), 3 survivors (3072K)
 Metaspace       used 36893K, committed 37376K, reserved 491520K
  class space    used 5140K, committed 5376K, reserved 425984K
}
Event: 47.264 GC heap after
{Heap after GC invocations=18 (full 0):
 garbage-first heap   total 66560K, used 34168K [0x0000000080000000, 0x0000000100000000)
  region size 1024K, 3 young (3072K), 3 survivors (3072K)
 Metaspace       used 36893K, committed 37376K, reserved 491520K
  class space    used 5140K, committed 5376K, reserved 425984K
}
Event: 48.077 GC heap before
{Heap before GC invocations=19 (full 0):
 garbage-first heap   total 66560K, used 53624K [0x0000000080000000, 0x0000000100000000)
  region size 1024K, 21 young (21504K), 3 survivors (3072K)
 Metaspace       used 38309K, committed 38848K, reserved 491520K
  class space    used 5246K, committed 5504K, reserved 425984K
}
Event: 48.086 GC heap after
{Heap after GC invocations=20 (full 0):
 garbage-first heap   total 66560K, used 34502K [0x0000000080000000, 0x0000000100000000)
  region size 1024K, 2 young (2048K), 2 survivors (2048K)
 Metaspace       used 38309K, committed 38848K, reserved 491520K
  class space    used 5246K, committed 5504K, reserved 425984K
}
Event: 48.091 GC heap before
{Heap before GC invocations=20 (full 0):
 garbage-first heap   total 66560K, used 35526K [0x0000000080000000, 0x0000000100000000)
  region size 1024K, 3 young (3072K), 2 survivors (2048K)
 Metaspace       used 38309K, committed 38848K, reserved 491520K
  class space    used 5246K, committed 5504K, reserved 425984K
}
Event: 48.101 GC heap after
{Heap after GC invocations=21 (full 0):
 garbage-first heap   total 66560K, used 34043K [0x0000000080000000, 0x0000000100000000)
  region size 1024K, 1 young (1024K), 1 survivors (1024K)
 Metaspace       used 38309K, committed 38848K, reserved 491520K
  class space    used 5246K, committed 5504K, reserved 425984K
}
Event: 49.542 GC heap before
{Heap before GC invocations=21 (full 0):
 garbage-first heap   total 66560K, used 54523K [0x0000000080000000, 0x0000000100000000)
  region size 1024K, 21 young (21504K), 1 survivors (1024K)
 Metaspace       used 38687K, committed 39232K, reserved 491520K
  class space    used 5299K, committed 5568K, reserved 425984K
}
Event: 49.549 GC heap after
{Heap after GC invocations=22 (full 0):
 garbage-first heap   total 66560K, used 34985K [0x0000000080000000, 0x0000000100000000)
  region size 1024K, 2 young (2048K), 2 survivors (2048K)
 Metaspace       used 38687K, committed 39232K, reserved 491520K
  class space    used 5299K, committed 5568K, reserved 425984K
}
Event: 52.799 GC heap before
{Heap before GC invocations=23 (full 0):
 garbage-first heap   total 66560K, used 54441K [0x0000000080000000, 0x0000000100000000)
  region size 1024K, 21 young (21504K), 2 survivors (2048K)
 Metaspace       used 40726K, committed 41280K, reserved 491520K
  class space    used 5631K, committed 5888K, reserved 425984K
}
Event: 52.806 GC heap after
{Heap after GC invocations=24 (full 0):
 garbage-first heap   total 66560K, used 35769K [0x0000000080000000, 0x0000000100000000)
  region size 1024K, 3 young (3072K), 3 survivors (3072K)
 Metaspace       used 40726K, committed 41280K, reserved 491520K
  class space    used 5631K, committed 5888K, reserved 425984K
}
Event: 54.352 GC heap before
{Heap before GC invocations=24 (full 0):
 garbage-first heap   total 66560K, used 54201K [0x0000000080000000, 0x0000000100000000)
  region size 1024K, 21 young (21504K), 3 survivors (3072K)
 Metaspace       used 42539K, committed 43008K, reserved 491520K
  class space    used 5906K, committed 6144K, reserved 425984K
}
Event: 54.362 GC heap after
{Heap after GC invocations=25 (full 0):
 garbage-first heap   total 66560K, used 36549K [0x0000000080000000, 0x0000000100000000)
  region size 1024K, 2 young (2048K), 2 survivors (2048K)
 Metaspace       used 42539K, committed 43008K, reserved 491520K
  class space    used 5906K, committed 6144K, reserved 425984K
}

